<?xml version="1.0" encoding="UTF-8"?>
<testng-results ignored="2" total="12" passed="9" failed="1" skipped="0">
  <reporter-output>
  </reporter-output>
  <suite started-at="2022-08-30T00:40:42 IST" name="Loan Department" finished-at="2022-08-30T00:40:42 IST" duration-ms="216">
    <groups>
      <group name="Smoke">
        <method signature="day2.ploan()[pri:0, instance:TestNGPackage.day2@6d3a388c]" name="ploan" class="TestNGPackage.day2"/>
        <method signature="day4.MobileLoginHomeLoan()[pri:0, instance:TestNGPackage.day4@193f604a]" name="MobileLoginHomeLoan" class="TestNGPackage.day4"/>
      </group> <!-- Smoke -->
    </groups>
    <test started-at="2022-08-30T00:40:42 IST" name="Car Loan" finished-at="2022-08-30T00:40:42 IST" duration-ms="216">
      <class name="TestNGPackage.day1">
        <test-method is-config="true" signature="Afsuite()[pri:0, instance:TestNGPackage.day1@15bbf42f]" started-at="2022-08-30T00:40:42 IST" name="Afsuite" finished-at="2022-08-30T00:40:42 IST" duration-ms="1" status="PASS">
          <reporter-output>
          </reporter-output>
        </test-method> <!-- Afsuite -->
      </class> <!-- TestNGPackage.day1 -->
      <class name="TestNGPackage.day3">
        <test-method is-config="true" signature="Bfsuite()[pri:0, instance:TestNGPackage.day3@f5acb9d]" started-at="2022-08-30T00:40:42 IST" name="Bfsuite" finished-at="2022-08-30T00:40:42 IST" duration-ms="20" status="PASS">
          <reporter-output>
          </reporter-output>
        </test-method> <!-- Bfsuite -->
        <test-method is-config="true" signature="Beforeevery()[pri:0, instance:TestNGPackage.day3@f5acb9d]" started-at="2022-08-30T00:40:42 IST" name="Beforeevery" finished-at="2022-08-30T00:40:42 IST" duration-ms="2" status="PASS">
          <reporter-output>
          </reporter-output>
        </test-method> <!-- Beforeevery -->
        <test-method signature="WebLoginCarLoan(java.lang.String,java.lang.String)[pri:0, instance:TestNGPackage.day3@f5acb9d]" started-at="2022-08-30T00:40:42 IST" name="WebLoginCarLoan" finished-at="2022-08-30T00:40:42 IST" duration-ms="8" status="PASS">
          <params>
            <param index="0">
              <value>
                <![CDATA[carLoan.com]]>
              </value>
            </param>
            <param index="1">
              <value>
                <![CDATA[123456]]>
              </value>
            </param>
          </params>
          <reporter-output>
          </reporter-output>
        </test-method> <!-- WebLoginCarLoan -->
        <test-method is-config="true" signature="Afterevery()[pri:0, instance:TestNGPackage.day3@f5acb9d]" started-at="2022-08-30T00:40:42 IST" name="Afterevery" finished-at="2022-08-30T00:40:42 IST" duration-ms="2" status="PASS">
          <reporter-output>
          </reporter-output>
        </test-method> <!-- Afterevery -->
        <test-method is-config="true" signature="Beforeevery()[pri:0, instance:TestNGPackage.day3@f5acb9d]" started-at="2022-08-30T00:40:42 IST" name="Beforeevery" finished-at="2022-08-30T00:40:42 IST" duration-ms="1" status="PASS">
          <reporter-output>
          </reporter-output>
        </test-method> <!-- Beforeevery -->
        <test-method signature="MobileSignOutCarloan(java.lang.String,java.lang.String)[pri:0, instance:TestNGPackage.day3@f5acb9d]" started-at="2022-08-30T00:40:42 IST" name="MobileSignOutCarloan" data-provider="getData" finished-at="2022-08-30T00:40:42 IST" duration-ms="3" status="PASS">
          <params>
            <param index="0">
              <value>
                <![CDATA[firstsetusername]]>
              </value>
            </param>
            <param index="1">
              <value>
                <![CDATA[password]]>
              </value>
            </param>
          </params>
          <reporter-output>
          </reporter-output>
        </test-method> <!-- MobileSignOutCarloan -->
        <test-method is-config="true" signature="Afterevery()[pri:0, instance:TestNGPackage.day3@f5acb9d]" started-at="2022-08-30T00:40:42 IST" name="Afterevery" finished-at="2022-08-30T00:40:42 IST" duration-ms="1" status="PASS">
          <reporter-output>
          </reporter-output>
        </test-method> <!-- Afterevery -->
        <test-method is-config="true" signature="Beforeevery()[pri:0, instance:TestNGPackage.day3@f5acb9d]" started-at="2022-08-30T00:40:42 IST" name="Beforeevery" finished-at="2022-08-30T00:40:42 IST" duration-ms="3" status="PASS">
          <reporter-output>
          </reporter-output>
        </test-method> <!-- Beforeevery -->
        <test-method signature="MobileSignOutCarloan(java.lang.String,java.lang.String)[pri:0, instance:TestNGPackage.day3@f5acb9d]" started-at="2022-08-30T00:40:42 IST" name="MobileSignOutCarloan" data-provider="getData" finished-at="2022-08-30T00:40:42 IST" duration-ms="2" status="PASS">
          <params>
            <param index="0">
              <value>
                <![CDATA[secondsetusername]]>
              </value>
            </param>
            <param index="1">
              <value>
                <![CDATA[secondpassword]]>
              </value>
            </param>
          </params>
          <reporter-output>
          </reporter-output>
        </test-method> <!-- MobileSignOutCarloan -->
        <test-method is-config="true" signature="Afterevery()[pri:0, instance:TestNGPackage.day3@f5acb9d]" started-at="2022-08-30T00:40:42 IST" name="Afterevery" finished-at="2022-08-30T00:40:42 IST" duration-ms="2" status="PASS">
          <reporter-output>
          </reporter-output>
        </test-method> <!-- Afterevery -->
        <test-method is-config="true" signature="Beforeevery()[pri:0, instance:TestNGPackage.day3@f5acb9d]" started-at="2022-08-30T00:40:42 IST" name="Beforeevery" finished-at="2022-08-30T00:40:42 IST" duration-ms="1" status="PASS">
          <reporter-output>
          </reporter-output>
        </test-method> <!-- Beforeevery -->
        <test-method signature="MobileSignOutCarloan(java.lang.String,java.lang.String)[pri:0, instance:TestNGPackage.day3@f5acb9d]" started-at="2022-08-30T00:40:42 IST" name="MobileSignOutCarloan" data-provider="getData" finished-at="2022-08-30T00:40:42 IST" duration-ms="3" status="PASS">
          <params>
            <param index="0">
              <value>
                <![CDATA[thirdsetusername]]>
              </value>
            </param>
            <param index="1">
              <value>
                <![CDATA[thirdpassword]]>
              </value>
            </param>
          </params>
          <reporter-output>
          </reporter-output>
        </test-method> <!-- MobileSignOutCarloan -->
        <test-method is-config="true" signature="Afterevery()[pri:0, instance:TestNGPackage.day3@f5acb9d]" started-at="2022-08-30T00:40:42 IST" name="Afterevery" finished-at="2022-08-30T00:40:42 IST" duration-ms="34" status="PASS">
          <reporter-output>
          </reporter-output>
        </test-method> <!-- Afterevery -->
        <test-method is-config="true" signature="Beforeevery()[pri:0, instance:TestNGPackage.day3@f5acb9d]" started-at="2022-08-30T00:40:42 IST" name="Beforeevery" finished-at="2022-08-30T00:40:42 IST" duration-ms="0" status="PASS">
          <reporter-output>
          </reporter-output>
        </test-method> <!-- Beforeevery -->
        <test-method signature="APICarLoan()[pri:0, instance:TestNGPackage.day3@f5acb9d]" started-at="2022-08-30T00:40:42 IST" name="APICarLoan" finished-at="2022-08-30T00:40:42 IST" depends-on-methods="TestNGPackage.day3.WebLoginCarLoan" duration-ms="2" status="PASS">
          <reporter-output>
          </reporter-output>
        </test-method> <!-- APICarLoan -->
        <test-method is-config="true" signature="Afterevery()[pri:0, instance:TestNGPackage.day3@f5acb9d]" started-at="2022-08-30T00:40:42 IST" name="Afterevery" finished-at="2022-08-30T00:40:42 IST" duration-ms="0" status="PASS">
          <reporter-output>
          </reporter-output>
        </test-method> <!-- Afterevery -->
        <test-method is-config="true" signature="AfterClass()[pri:0, instance:TestNGPackage.day3@f5acb9d]" started-at="2022-08-30T00:40:42 IST" name="AfterClass" finished-at="2022-08-30T00:40:42 IST" duration-ms="0" status="PASS">
          <reporter-output>
          </reporter-output>
        </test-method> <!-- AfterClass -->
      </class> <!-- TestNGPackage.day3 -->
    </test> <!-- Car Loan -->
    <test started-at="2022-08-30T00:40:42 IST" name="Personal Loan" finished-at="2022-08-30T00:40:42 IST" duration-ms="207">
      <class name="TestNGPackage.day1">
        <test-method signature="Demo()[pri:0, instance:TestNGPackage.day1@15bbf42f]" started-at="2022-08-30T00:40:42 IST" name="Demo" finished-at="2022-08-30T00:40:42 IST" duration-ms="48" status="FAIL">
          <exception class="java.lang.AssertionError">
            <message>
              <![CDATA[expected [true] but found [false]]]>
            </message>
            <full-stacktrace>
              <![CDATA[java.lang.AssertionError: expected [true] but found [false]
at org.testng.Assert.fail(Assert.java:99)
at org.testng.Assert.failNotEquals(Assert.java:1037)
at org.testng.Assert.assertTrue(Assert.java:45)
at org.testng.Assert.assertTrue(Assert.java:55)
at TestNGPackage.day1.Demo(day1.java:25)
at java.base/jdk.internal.reflect.NativeMethodAccessorImpl.invoke0(Native Method)
at java.base/jdk.internal.reflect.NativeMethodAccessorImpl.invoke(NativeMethodAccessorImpl.java:77)
at java.base/jdk.internal.reflect.DelegatingMethodAccessorImpl.invoke(DelegatingMethodAccessorImpl.java:43)
at java.base/java.lang.reflect.Method.invoke(Method.java:568)
at org.testng.internal.MethodInvocationHelper.invokeMethod(MethodInvocationHelper.java:133)
at org.testng.internal.TestInvoker.invokeMethod(TestInvoker.java:598)
at org.testng.internal.TestInvoker.invokeTestMethod(TestInvoker.java:173)
at org.testng.internal.MethodRunner.runInSequence(MethodRunner.java:46)
at org.testng.internal.TestInvoker$MethodInvocationAgent.invoke(TestInvoker.java:824)
at org.testng.internal.TestInvoker.invokeTestMethods(TestInvoker.java:146)
at org.testng.internal.TestMethodWorker.invokeTestMethods(TestMethodWorker.java:146)
at org.testng.internal.TestMethodWorker.run(TestMethodWorker.java:128)
at java.base/java.util.ArrayList.forEach(ArrayList.java:1511)
at org.testng.TestRunner.privateRun(TestRunner.java:794)
at org.testng.TestRunner.run(TestRunner.java:596)
at org.testng.SuiteRunner.runTest(SuiteRunner.java:377)
at org.testng.SuiteRunner.access$000(SuiteRunner.java:28)
at org.testng.SuiteRunner$SuiteWorker.run(SuiteRunner.java:418)
at org.testng.internal.thread.ThreadUtil.lambda$execute$0(ThreadUtil.java:64)
at java.base/java.util.concurrent.FutureTask.run(FutureTask.java:264)
at java.base/java.util.concurrent.ThreadPoolExecutor.runWorker(ThreadPoolExecutor.java:1136)
at java.base/java.util.concurrent.ThreadPoolExecutor$Worker.run(ThreadPoolExecutor.java:635)
at java.base/java.lang.Thread.run(Thread.java:833)
]]>
            </full-stacktrace>
          </exception> <!-- java.lang.AssertionError -->
          <reporter-output>
          </reporter-output>
        </test-method> <!-- Demo -->
        <test-method is-config="true" signature="lastexecution()[pri:0, instance:TestNGPackage.day1@15bbf42f]" started-at="2022-08-30T00:40:42 IST" name="lastexecution" finished-at="2022-08-30T00:40:42 IST" duration-ms="1" status="PASS">
          <reporter-output>
          </reporter-output>
        </test-method> <!-- lastexecution -->
      </class> <!-- TestNGPackage.day1 -->
      <class name="TestNGPackage.day2">
        <test-method is-config="true" signature="prerequisite()[pri:0, instance:TestNGPackage.day2@6d3a388c]" started-at="2022-08-30T00:40:42 IST" name="prerequisite" finished-at="2022-08-30T00:40:42 IST" duration-ms="1" status="PASS">
          <reporter-output>
          </reporter-output>
        </test-method> <!-- prerequisite -->
        <test-method is-config="true" signature="BeforeClass()[pri:0, instance:TestNGPackage.day2@6d3a388c]" started-at="2022-08-30T00:40:42 IST" name="BeforeClass" finished-at="2022-08-30T00:40:42 IST" duration-ms="1" status="PASS">
          <reporter-output>
          </reporter-output>
        </test-method> <!-- BeforeClass -->
        <test-method signature="ploan()[pri:0, instance:TestNGPackage.day2@6d3a388c]" started-at="2022-08-30T00:40:42 IST" name="ploan" finished-at="2022-08-30T00:40:42 IST" duration-ms="5" status="PASS">
          <reporter-output>
          </reporter-output>
        </test-method> <!-- ploan -->
      </class> <!-- TestNGPackage.day2 -->
      <class name="TestNGPackage.day4">
        <test-method signature="LoginAPIHomeLoan()[pri:0, instance:TestNGPackage.day4@193f604a]" started-at="2022-08-30T00:40:42 IST" name="LoginAPIHomeLoan" finished-at="2022-08-30T00:40:42 IST" duration-ms="3" status="PASS">
          <reporter-output>
          </reporter-output>
        </test-method> <!-- LoginAPIHomeLoan -->
        <test-method signature="MobileLoginHomeLoan()[pri:0, instance:TestNGPackage.day4@193f604a]" started-at="2022-08-30T00:40:42 IST" name="MobileLoginHomeLoan" finished-at="2022-08-30T00:40:42 IST" duration-ms="6" status="PASS">
          <reporter-output>
          </reporter-output>
        </test-method> <!-- MobileLoginHomeLoan -->
        <test-method signature="WebLoginHomeLoan(java.lang.String)[pri:0, instance:TestNGPackage.day4@193f604a]" started-at="2022-08-30T00:40:42 IST" name="WebLoginHomeLoan" finished-at="2022-08-30T00:40:42 IST" duration-ms="2" status="PASS">
          <params>
            <param index="0">
              <value>
                <![CDATA[personalLoan.com]]>
              </value>
            </param>
          </params>
          <reporter-output>
          </reporter-output>
        </test-method> <!-- WebLoginHomeLoan -->
      </class> <!-- TestNGPackage.day4 -->
    </test> <!-- Personal Loan -->
  </suite> <!-- Loan Department -->
</testng-results>
