<?xml version="1.0" encoding="UTF-8"?>
<testng-results ignored="0" total="1" passed="1" failed="0" skipped="0">
  <reporter-output>
  </reporter-output>
  <suite started-at="2022-08-25T16:04:01 IST" name="Default suite" finished-at="2022-08-25T16:04:01 IST" duration-ms="60">
    <groups>
    </groups>
    <test started-at="2022-08-25T16:04:01 IST" name="Default test" finished-at="2022-08-25T16:04:01 IST" duration-ms="60">
      <class name="TestNGPackage.day1">
        <test-method signature="Demo()[pri:0, instance:TestNGPackage.day1@61d6015a]" started-at="2022-08-25T16:04:01 IST" name="Demo" finished-at="2022-08-25T16:04:01 IST" duration-ms="11" status="PASS">
          <reporter-output>
          </reporter-output>
        </test-method> <!-- Demo -->
      </class> <!-- TestNGPackage.day1 -->
    </test> <!-- Default test -->
  </suite> <!-- Default suite -->
</testng-results>
