<?xml version="1.0" encoding="UTF-8"?>
<!-- Generated by org.testng.reporters.JUnitXMLReporter -->
<testsuite ignored="0" hostname="DESKTOP-T8B8QGB" failures="0" tests="3" name="Default test" time="0.064" errors="0" timestamp="2022-08-27T01:07:20 IST">
  <testcase classname="TestNGPackage.day3" name="LoginAPICarLoan" time="0.009"/>
  <testcase classname="TestNGPackage.day3" name="MobileLoginCarLoan" time="0.003"/>
  <testcase classname="TestNGPackage.day3" name="WebLoginCarLoan" time="0.003"/>
</testsuite> <!-- Default test -->
