<?xml version="1.0" encoding="UTF-8"?>
<!-- Generated by org.testng.reporters.JUnitXMLReporter -->
<testsuite ignored="1" hostname="DESKTOP-T8B8QGB" failures="0" tests="2" name="Car Loan" time="0.009" errors="0" timestamp="2022-08-27T01:08:49 IST">
  <testcase classname="TestNGPackage.day3" name="LoginAPICarLoan" time="0.001"/>
  <testcase classname="TestNGPackage.day3" name="WebLoginCarLoan" time="0.001"/>
  <testcase classname="TestNGPackage.day3" name="MobileLoginCarLoan" time="0.0">
    <ignored/>
  </testcase> <!-- MobileLoginCarLoan -->
</testsuite> <!-- Car Loan -->
