<?xml version="1.0" encoding="UTF-8"?>
<!-- Generated by org.testng.reporters.JUnitXMLReporter -->
<testsuite ignored="0" hostname="DESKTOP-T8B8QGB" failures="0" tests="9" name="Personal Loan" time="0.129" errors="0" timestamp="2022-08-25T23:29:02 IST">
  <testcase classname="TestNGPackage.day1" name="Demo" time="0.01"/>
  <testcase classname="TestNGPackage.day1" name="SecondTest" time="0.001"/>
  <testcase classname="TestNGPackage.day2" name="ploan" time="0.001"/>
  <testcase classname="TestNGPackage.day3" name="LoginAPICarLoan" time="0.002"/>
  <testcase classname="TestNGPackage.day3" name="MobileLoginCarLoan" time="0.002"/>
  <testcase classname="TestNGPackage.day3" name="WebLoginCarLoan" time="0.009"/>
  <testcase classname="TestNGPackage.day4" name="LoginAPIHomeLoan" time="0.008"/>
  <testcase classname="TestNGPackage.day4" name="WebLoginHomeLoan" time="0.003"/>
  <testcase classname="TestNGPackage.day4" name="WobileLoginHomeLoan" time="0.002"/>
</testsuite> <!-- Personal Loan -->
