<?xml version="1.0" encoding="UTF-8"?>
<!-- Generated by org.testng.reporters.JUnitXMLReporter -->
<testsuite ignored="6" hostname="DESKTOP-T8B8QGB" failures="0" tests="3" name="Regression" time="0.12" errors="0" timestamp="2022-08-28T13:22:33 IST">
  <testcase classname="TestNGPackage.day2" name="ploan" time="0.012"/>
  <testcase classname="TestNGPackage.day3" name="MobileLoginCarLoan" time="0.005"/>
  <testcase classname="TestNGPackage.day4" name="WobileLoginHomeLoan" time="0.004"/>
  <testcase classname="TestNGPackage.day4" name="WebLoginHomeLoan" time="0.0">
    <ignored/>
  </testcase> <!-- WebLoginHomeLoan -->
  <testcase classname="TestNGPackage.day3" name="WebLoginCarLoan" time="0.0">
    <ignored/>
  </testcase> <!-- WebLoginCarLoan -->
  <testcase classname="TestNGPackage.day1" name="SecondTest" time="0.0">
    <ignored/>
  </testcase> <!-- SecondTest -->
  <testcase classname="TestNGPackage.day1" name="Demo" time="0.0">
    <ignored/>
  </testcase> <!-- Demo -->
  <testcase classname="TestNGPackage.day4" name="LoginAPIHomeLoan" time="0.0">
    <ignored/>
  </testcase> <!-- LoginAPIHomeLoan -->
  <testcase classname="TestNGPackage.day3" name="LoginAPICarLoan" time="0.0">
    <ignored/>
  </testcase> <!-- LoginAPICarLoan -->
</testsuite> <!-- Regression -->
